WARNING: All log messages before absl::InitializeLog() is called are written to STDERR
I0000 00:00:1776476843.611708  329497 gl_context_egl.cc:85] Successfully initialized EGL. Major : 1 Minor: 5
I0000 00:00:1776476843.616766  329506 gl_context.cc:385] GL version: 3.2 (OpenGL ES 3.2 Mesa 25.2.8-0ubuntu0.24.04.1), renderer: Mesa Intel(R) HD Graphics 520 (SKL GT2)
INFO: Created TensorFlow Lite XNNPACK delegate for CPU.
W0000 00:00:1776476843.652321  329500 inference_feedback_manager.cc:114] Feedback manager requires a model with a single signature inference. Disabling support for feedback tensors.
W0000 00:00:1776476843.673842  329501 inference_feedback_manager.cc:114] Feedback manager requires a model with a single signature inference. Disabling support for feedback tensors.
Warning: Ignoring XDG_SESSION_TYPE=wayland on Gnome. Use QT_QPA_PLATFORM=wayland to run on Wayland anyway.
QFontDatabase: Cannot find font directory /home/edoruin/Desktop/gesture-vision/.venv/lib/python3.12/site-packages/cv2/qt/fonts.
Note that Qt no longer ships fonts. Deploy some (from https://dejavu-fonts.github.io/ for example) or switch to fontconfig.
QFontDatabase: Cannot find font directory /home/edoruin/Desktop/gesture-vision/.venv/lib/python3.12/site-packages/cv2/qt/fonts.
Note that Qt no longer ships fonts. Deploy some (from https://dejavu-fonts.github.io/ for example) or switch to fontconfig.
QFontDatabase: Cannot find font directory /home/edoruin/Desktop/gesture-vision/.venv/lib/python3.12/site-packages/cv2/qt/fonts.
Note that Qt no longer ships fonts. Deploy some (from https://dejavu-fonts.github.io/ for example) or switch to fontconfig.
QFontDatabase: Cannot find font directory /home/edoruin/Desktop/gesture-vision/.venv/lib/python3.12/site-packages/cv2/qt/fonts.
Note that Qt no longer ships fonts. Deploy some (from https://dejavu-fonts.github.io/ for example) or switch to fontconfig.
QFontDatabase: Cannot find font directory /home/edoruin/Desktop/gesture-vision/.venv/lib/python3.12/site-packages/cv2/qt/fonts.
Note that Qt no longer ships fonts. Deploy some (from https://dejavu-fonts.github.io/ for example) or switch to fontconfig.
W0000 00:00:1776476846.111902  329500 landmark_projection_calculator.cc:78] Using NORM_RECT without IMAGE_DIMENSIONS is only supported for the square ROI. Provide IMAGE_DIMENSIONS or use PROJECTION_MATRIX.
Starting Gesture Vision...
Camera opened successfully. Press 'q' to quit.
mss failed (XGetImage() failed), trying system tools...
mss failed (XGetImage() failed), trying system tools...
